  Until_Die.cpp
C:\Users\Bartek\Desktop\Git\Until_Die\Until_Die\Until_Die.cpp(6,38): warning C4244: "argument": konwersja z "T" do "unsigned int", możliwa utrata danych
C:\Users\Bartek\Desktop\Git\Until_Die\Until_Die\Until_Die.cpp(6,38): warning C4244:         with
C:\Users\Bartek\Desktop\Git\Until_Die\Until_Die\Until_Die.cpp(6,38): warning C4244:         [
C:\Users\Bartek\Desktop\Git\Until_Die\Until_Die\Until_Die.cpp(6,38): warning C4244:             T=float
C:\Users\Bartek\Desktop\Git\Until_Die\Until_Die\Until_Die.cpp(6,38): warning C4244:         ]
C:\Users\Bartek\Desktop\Git\Until_Die\Until_Die\Until_Die.cpp(6,26): warning C4244: "argument": konwersja z "T" do "unsigned int", możliwa utrata danych
C:\Users\Bartek\Desktop\Git\Until_Die\Until_Die\Until_Die.cpp(6,26): warning C4244:         with
C:\Users\Bartek\Desktop\Git\Until_Die\Until_Die\Until_Die.cpp(6,26): warning C4244:         [
C:\Users\Bartek\Desktop\Git\Until_Die\Until_Die\Until_Die.cpp(6,26): warning C4244:             T=float
C:\Users\Bartek\Desktop\Git\Until_Die\Until_Die\Until_Die.cpp(6,26): warning C4244:         ]
  Trwa generowanie kodu
  5 of 9 functions (55.6%) were compiled, the rest were copied from previous compilation.
    0 functions were new in current compilation
    0 functions had inline decision re-evaluated but remain unchanged
  Zakończono generowanie kodu
  Until_Die.vcxproj -> C:\Users\Bartek\Desktop\Git\Until_Die\Release\Until_Die.exe

Podsumowanie wydajności projektu:
      852 ms  C:\Users\Bartek\Desktop\Git\Until_Die\Until_Die\Until_Die.vcxproj — wywołań:   1
                852 ms  Build                                    — wywołań:   1

Podsumowanie wydajności elementu docelowego:
        0 ms  AfterBuildCompileEvent                   — wywołań:   1
        0 ms  _Manifest                                — wywołań:   1
        0 ms  _ALink                                   — wywołań:   1
        0 ms  _Link                                    — wywołań:   1
        0 ms  AfterLink                                — wywołań:   1
        0 ms  ComputeLinkSwitches                      — wywołań:   1
        0 ms  PreLinkEvent                             — wywołań:   1
        0 ms  DoLinkOutputFilesMatch                   — wywołań:   1
        0 ms  MakeDirsForLink                          — wywołań:   1
        0 ms  PrepareResourceNames                     — wywołań:   1
        0 ms  CreateCustomManifestResourceNames        — wywołań:   1
        0 ms  AssignTargetPaths                        — wywołań:   1
        0 ms  RegisterOutput                           — wywołań:   1
        0 ms  ComputeManifestInputsTargets             — wywołań:   1
        0 ms  ComputeCLGeneratedLinkInputs             — wywołań:   1
        0 ms  ComputeCLOutputs                         — wywołań:   1
        0 ms  ComputeManifestGeneratedLinkerInputs     — wywołań:   1
        0 ms  ComputeRCGeneratedLinkInputs             — wywołań:   1
        0 ms  ComputeRCOutputs                         — wywołań:   1
        0 ms  BeforeLink                               — wywołań:   1
        0 ms  BuildCompile                             — wywołań:   1
        0 ms  _BuildCompileAction                      — wywołań:   1
        0 ms  _ResourceCompile                         — wywołań:   1
        0 ms  AfterResourceCompile                     — wywołań:   1
        0 ms  MakeDirsForResourceCompile               — wywołań:   1
        0 ms  ComputeLinkInputsFromProject             — wywołań:   1
        0 ms  ResolvedXDCMake                          — wywołań:   1
        0 ms  ComputeCLCompileGeneratedXDCFiles        — wywołań:   1
        0 ms  MakeDirsForXdcMake                       — wywołań:   1
        0 ms  TlogCleanup                              — wywołań:   1
        0 ms  _CleanGetCurrentAndPriorFileWrites       — wywołań:   1
        0 ms  AfterBuild                               — wywołań:   1
        0 ms  BuildLink                                — wywołań:   1
        0 ms  _BuildLinkAction                         — wywołań:   1
        0 ms  PostBuildEvent                           — wywołań:   1
        0 ms  PrepareForRun                            — wywołań:   1
        0 ms  _CheckForCompileOutputs                  — wywołań:   1
        0 ms  _CopySourceItemsToOutputDirectory        — wywołań:   1
        0 ms  _GetCopyToOutputDirectoryItemsFromThisProject — wywołań:   1
        0 ms  _GetCopyToOutputDirectoryItemsFromTransitiveProjectReferences — wywołań:   1
        0 ms  GetCopyToOutputDirectoryXamlAppDefs      — wywołań:   1
        0 ms  _PopulateCommonStateForGetCopyToOutputDirectoryItems — wywołań:   1
        0 ms  _CalculatePostXamarinTelemetry           — wywołań:   1
        0 ms  _Deploy                                  — wywołań:   1
        0 ms  _Appverifier                             — wywołań:   1
        0 ms  CreateSatelliteAssemblies                — wywołań:   1
        0 ms  CreateRecipeFile                         — wywołań:   1
        0 ms  ContentFilesProjectOutputGroup           — wywołań:   1
        0 ms  SatelliteDllsProjectOutputGroup          — wywołań:   1
        0 ms  BuiltProjectOutputGroup                  — wywołań:   1
        0 ms  _BscMake                                 — wywołań:   1
        0 ms  MakeDirsForBscMake                       — wywołań:   1
        0 ms  ComputeCLCompileGeneratedSbrFiles        — wywołań:   1
        0 ms  _XdcMake                                 — wywołań:   1
        0 ms  BeforeResourceCompile                    — wywołań:   1
        0 ms  _ClCompile                               — wywołań:   1
        0 ms  Build                                    — wywołań:   1
        0 ms  BeforeBuildGenerateSources               — wywołań:   1
        0 ms  SelectCustomBuild                        — wywołań:   1
        0 ms  BeforeResolveReferences                  — wywołań:   1
        0 ms  PreBuildEvent                            — wywołań:   1
        0 ms  AfterClCompile                           — wywołań:   1
        0 ms  BuildGenerateSourcesTraverse             — wywołań:   1
        0 ms  ResolveReferences                        — wywołań:   1
        0 ms  AfterResolveReferences                   — wywołań:   1
        0 ms  ResolveAssemblyReferences                — wywołań:   1
        0 ms  ResolveSDKReferences                     — wywołań:   1
        0 ms  _PrepareForBuild                         — wywołań:   1
        0 ms  SetCABuildNativeEnvironmentVariables     — wywołań:   1
        0 ms  _CheckWindowsSDKInstalled                — wywołań:   1
        0 ms  GetResolvedWinMD                         — wywołań:   1
        0 ms  SetBuildDefaultEnvironmentVariables      — wywołań:   1
        0 ms  GetReferenceAssemblyPaths                — wywołań:   1
        0 ms  GetFrameworkPaths                        — wywołań:   1
        0 ms  ResolveProjectReferences                 — wywołań:   1
        0 ms  PrepareProjectReferences                 — wywołań:   1
        0 ms  _AddOutputPathToGlobalPropertiesToRemove — wywołań:   1
        0 ms  _SplitProjectReferencesByFileExistence   — wywołań:   1
        0 ms  IgnoreJavaScriptOutputAssembly           — wywołań:   1
        0 ms  ComputeCustomBuildOutput                 — wywołań:   1
        0 ms  CopyFileToFolders                        — wywołań:   1
        0 ms  _SelectedFiles                           — wywołań:   1
        0 ms  FindReferenceAssembliesForReferences     — wywołań:   1
        0 ms  SelectClCompile                          — wywołań:   1
        0 ms  FixupCLCompileOptions                    — wywołań:   1
        0 ms  ComputeStdModulesCompileInputs           — wywołań:   1
        0 ms  WarnCompileDuplicatedFilename            — wywołań:   1
        0 ms  SetTelemetryEnvironmentVariables         — wywołań:   1
        0 ms  ComputeReferenceCLInput                  — wywołań:   1
        0 ms  _Xsd                                     — wywołań:   1
        0 ms  ComputeCLInputPDBName                    — wywołań:   1
        0 ms  BeforeClCompile                          — wywołań:   1
        0 ms  BuildCompileTraverse                     — wywołań:   1
        0 ms  _PrepareForReferenceResolution           — wywołań:   1
        0 ms  _BuildGenerateSourcesAction              — wywołań:   1
        0 ms  MakeDirsForMidl                          — wywołań:   1
        0 ms  ComputeMIDLGeneratedCompileInputs        — wywołań:   1
        0 ms  AfterMidl                                — wywołań:   1
        0 ms  BuildGenerateSources                     — wywołań:   1
        0 ms  AfterBuildGenerateSources                — wywołań:   1
        0 ms  _Midl                                    — wywołań:   1
        0 ms  AfterBuildGenerateSourcesEvent           — wywołań:   1
        1 ms  MakeDirsForFxc                           — wywołań:   1
        1 ms  SplitResourcesByCulture                  — wywołań:   1
        1 ms  FinalizeBuildStatus                      — wywołań:   1
        1 ms  IncrementalClean                         — wywołań:   1
        1 ms  AddExternalIncludDirectoriesToPaths      — wywołań:   1
        1 ms  MakeDirsForCl                            — wywołań:   1
        1 ms  ExpandSDKReferences                      — wywołań:   1
        1 ms  ComputeLegacyManifestEmbedding           — wywołań:   1
        1 ms  CustomBuild                              — wywołań:   1
        1 ms  AssignProjectConfiguration               — wywołań:   1
        1 ms  GetReferencedVCProjectsInfo              — wywołań:   1
        1 ms  CopyFilesToOutputDirectory               — wywołań:   1
        1 ms  GetCopyToOutputDirectoryItems            — wywołań:   1
        1 ms  _GenerateSatelliteAssemblyInputs         — wywołań:   1
        1 ms  _GetProjectReferenceTargetFrameworkProperties — wywołań:   1
        2 ms  InitializeBuildStatus                    — wywołań:   1
        2 ms  _CheckForInvalidConfigurationAndPlatform — wywołań:   1
        3 ms  BuildLinkTraverse                        — wywołań:   1
        3 ms  PrepareForBuild                          — wywołań:   1
      176 ms  Link                                     — wywołań:   1
      651 ms  ClCompile                                — wywołań:   1

Podsumowanie wydajności zadania:
        0 ms  CleanupStaleTlogItems                    — wywołań:   1
        0 ms  SetEnv                                   — wywołań:  11
        0 ms  AssignProjectConfiguration               — wywołań:   1
        0 ms  RemoveDuplicates                         — wywołań:   2
        0 ms  SetRidAgnosticValueForProjects           — wywołań:   1
        0 ms  CheckVCToolsetVersion                    — wywołań:   1
        0 ms  VCMessage                                — wywołań:   1
        0 ms  ReadLinesFromFile                        — wywołań:   2
        0 ms  FindUnderPath                            — wywołań:   5
        0 ms  ConvertToAbsolutePath                    — wywołań:   1
        0 ms  Delete                                   — wywołań:   2
        0 ms  CallTarget                               — wywołań:   2
        0 ms  AssignTargetPath                         — wywołań:   7
        0 ms  GenerateDesktopDeployRecipe              — wywołań:   1
        1 ms  MakeDir                                  — wywołań:  10
        1 ms  AssignCulture                            — wywołań:   1
        1 ms  Message                                  — wywołań:  23
        1 ms  GetOutOfDateItems                        — wywołań:   3
        1 ms  WriteLinesToFile                         — wywołań:   1
        1 ms  MSBuild                                  — wywołań:   1
        2 ms  Touch                                    — wywołań:   2
      175 ms  Link                                     — wywołań:   1
      650 ms  CL                                       — wywołań:   1
