c:\users\bartek\desktop\git\until_die\until_die\debug\vc143.pdb
c:\users\bartek\desktop\git\until_die\until_die\debug\vc143.idb
c:\users\bartek\desktop\git\until_die\until_die\debug\until_die.obj
c:\users\bartek\desktop\git\until_die\until_die\debug\stdafx.obj
c:\users\bartek\desktop\git\until_die\until_die\debug\until_die.pch
c:\users\bartek\desktop\git\until_die\debug\until_die.exe
c:\users\bartek\desktop\git\until_die\debug\until_die.pdb
c:\users\bartek\desktop\git\until_die\until_die\debug\until_die.ilk
c:\users\bartek\desktop\git\until_die\until_die\debug\game.obj
c:\users\bartek\desktop\git\until_die\until_die\debug\gamestate.obj
c:\users\bartek\desktop\git\until_die\until_die\debug\mainmenustate.obj
c:\users\bartek\desktop\git\until_die\until_die\debug\player.obj
c:\users\bartek\desktop\git\until_die\until_die\debug\state.obj
c:\users\bartek\desktop\git\until_die\until_die\debug\until_die.tlog\cl.command.1.tlog
c:\users\bartek\desktop\git\until_die\until_die\debug\until_die.tlog\cl.items.tlog
c:\users\bartek\desktop\git\until_die\until_die\debug\until_die.tlog\cl.read.1.tlog
c:\users\bartek\desktop\git\until_die\until_die\debug\until_die.tlog\cl.write.1.tlog
c:\users\bartek\desktop\git\until_die\until_die\debug\until_die.tlog\link.command.1.tlog
c:\users\bartek\desktop\git\until_die\until_die\debug\until_die.tlog\link.read.1.tlog
c:\users\bartek\desktop\git\until_die\until_die\debug\until_die.tlog\link.secondary.1.tlog
c:\users\bartek\desktop\git\until_die\until_die\debug\until_die.tlog\link.write.1.tlog
